<?xml version="1.0" encoding="UTF-8"?>
<!-- Generated by org.testng.reporters.JUnitReportReporter -->
<testsuite hostname="DESKTOP-O60VPK0" failures="0" tests="1" name="com.Saucedemo.TestClasses.TC07_LogOutFunctionality" time="60.110" errors="0" timestamp="2022-10-10T09:41:47 IST" skipped="0">
  <testcase classname="com.Saucedemo.TestClasses.TC07_LogOutFunctionality" name="verifylogoutfunctionality" time="60.110"/>
  <system-out/>
</testsuite> <!-- com.Saucedemo.TestClasses.TC07_LogOutFunctionality -->
