<?xml version="1.0" encoding="UTF-8"?>
<!-- Generated by org.testng.reporters.JUnitReportReporter -->
<testsuite hostname="DESKTOP-O60VPK0" failures="0" tests="1" name="com.Saucedemo.TestClasses.TC03_SelectProduct" time="40.676" errors="0" timestamp="2022-10-10T09:41:47 IST" skipped="0">
  <testcase classname="com.Saucedemo.TestClasses.TC03_SelectProduct" name="selectproductfunctionality" time="40.676"/>
  <system-out/>
</testsuite> <!-- com.Saucedemo.TestClasses.TC03_SelectProduct -->
