<?xml version="1.0" encoding="UTF-8"?>
<!-- Generated by org.testng.reporters.JUnitReportReporter -->
<testsuite hostname="DESKTOP-O60VPK0" failures="0" tests="2" name="com.Saucedemo.TestClasses.TC06_ProceedToCheckOuProduct" time="131.571" errors="0" timestamp="2022-10-10T09:48:02 IST" skipped="0">
  <testcase classname="com.Saucedemo.TestClasses.TC06_ProceedToCheckOuProduct" name="verifyproceedtobuyfunctionality" time="74.092"/>
  <system-out/>
  <testcase classname="com.Saucedemo.TestClasses.TC06_ProceedToCheckOuProduct" name="verifyproceedtobuyfunctionality" time="57.479"/>
  <system-out/>
</testsuite> <!-- com.Saucedemo.TestClasses.TC06_ProceedToCheckOuProduct -->
