<?xml version="1.0" encoding="UTF-8"?>
<!-- Generated by org.testng.reporters.JUnitReportReporter -->
<testsuite hostname="DESKTOP-O60VPK0" failures="0" tests="2" name="com.Saucedemo.TestClasses.TC01_VerifyLoginFunctionality" time="116.326" errors="0" timestamp="2022-10-10T09:48:02 IST" skipped="0">
  <testcase classname="com.Saucedemo.TestClasses.TC01_VerifyLoginFunctionality" name="loginfuctionality" time="63.828"/>
  <system-out/>
  <testcase classname="com.Saucedemo.TestClasses.TC01_VerifyLoginFunctionality" name="loginfuctionality" time="52.498"/>
  <system-out/>
</testsuite> <!-- com.Saucedemo.TestClasses.TC01_VerifyLoginFunctionality -->
